current directory: /Users/kumagaikouhei/Documents/Rails_tutorial/toy_app/vender/bundle/ruby/3.1.0/gems/msgpack-1.6.0/ext/msgpack
/Users/kumagaikouhei/.anyenv/envs/rbenv/versions/3.1.3/bin/ruby -I /Users/kumagaikouhei/.anyenv/envs/rbenv/versions/3.1.3/lib/ruby/3.1.0 extconf.rb
checking for ruby/st.h... yes
checking for st.h... no
checking for rb_enc_interned_str() in ruby.h... yes
checking for rb_hash_new_capa() in ruby.h... no
creating Makefile

current directory: /Users/kumagaikouhei/Documents/Rails_tutorial/toy_app/vender/bundle/ruby/3.1.0/gems/msgpack-1.6.0/ext/msgpack
make DESTDIR\= sitearchdir\=./.gem.20230116-25936-yutqmr sitelibdir\=./.gem.20230116-25936-yutqmr clean

current directory: /Users/kumagaikouhei/Documents/Rails_tutorial/toy_app/vender/bundle/ruby/3.1.0/gems/msgpack-1.6.0/ext/msgpack
make DESTDIR\= sitearchdir\=./.gem.20230116-25936-yutqmr sitelibdir\=./.gem.20230116-25936-yutqmr
compiling buffer.c
compiling buffer_class.c
compiling extension_value_class.c
compiling factory_class.c
compiling packer.c
compiling packer_class.c
compiling packer_ext_registry.c
compiling rbinit.c
compiling rmem.c
compiling unpacker.c
compiling unpacker_class.c
compiling unpacker_ext_registry.c
linking shared-object msgpack/msgpack.bundle

current directory: /Users/kumagaikouhei/Documents/Rails_tutorial/toy_app/vender/bundle/ruby/3.1.0/gems/msgpack-1.6.0/ext/msgpack
make DESTDIR\= sitearchdir\=./.gem.20230116-25936-yutqmr sitelibdir\=./.gem.20230116-25936-yutqmr install
/opt/homebrew/bin/ginstall -c -m 0755 msgpack.bundle ./.gem.20230116-25936-yutqmr/msgpack
